[21:57:03 - main] [Cooja.java:1324] [INFO] - > Starting Cooja
[21:57:04 - main] [Cooja.java:2865] [INFO] - External tools default settings: /external_tools_linux.config
[21:57:04 - main] [Cooja.java:2895] [INFO] - External tools user settings: /home/user/.cooja.user.properties
[21:57:04 - main] [Simulation.java:420] [INFO] - Simulation random seed: 123456
[21:57:05 - main] [CompileContiki.java:140] [INFO] - > make er-example-server.z1 TARGET=z1 
[21:57:05 - main] [CompileContiki.java:140] [INFO] - > make border-router.z1 TARGET=z1 
[21:57:06 - main] [CompileContiki.java:140] [INFO] - > make er-example-client-temperature.z1 TARGET=z1 
[21:57:07 - main] [AbstractMspMoteType.java:152] [FATAL] - >>   CC        er-example-client-temperature.c
[21:57:07 - main] [AbstractMspMoteType.java:152] [FATAL] - >>   CC        ../..//platform/z1/./contiki-z1-main.c
[21:57:07 - main] [AbstractMspMoteType.java:152] [FATAL] - >>   LD        er-example-client-temperature.z1
[21:57:07 - main] [AbstractMspMoteType.java:152] [FATAL] - >> /usr/local/msp430/bin/../lib/gcc/msp430/4.7.0/../../../../msp430/bin/ld: er-example-client-temperature.z1 section `.data' will not fit in region `rom'
[21:57:07 - main] [AbstractMspMoteType.java:152] [FATAL] - >> /usr/local/msp430/bin/../lib/gcc/msp430/4.7.0/../../../../msp430/bin/ld: region `rom' overflowed by 2 bytes
[21:57:07 - main] [AbstractMspMoteType.java:152] [FATAL] - >> collect2: error: ld returned 1 exit status
[21:57:07 - main] [AbstractMspMoteType.java:152] [FATAL] - >> make[1]: *** [er-example-client-temperature.z1] Error 1
[21:57:07 - main] [AbstractMspMoteType.java:152] [FATAL] - >> rm obj_z1/contiki-z1-main.o er-example-client-temperature.co
[21:57:07 - main] [AbstractMspMoteType.java:152] [FATAL] - >> make[1]: Leaving directory `/home/user/contiki/warehouse/er-rest-example'
[21:57:07 - main] [AbstractMspMoteType.java:152] [FATAL] - >> Process returned error code 2
[21:57:07 - main] [AbstractMspMoteType.java:155] [FATAL] - Compilation error: Bad return value
[21:57:26 - main] [Simulation.java:420] [INFO] - Simulation random seed: 123456
[21:57:26 - main] [CompileContiki.java:140] [INFO] - > make er-example-server.z1 TARGET=z1 
[21:57:27 - main] [CompileContiki.java:140] [INFO] - > make border-router.z1 TARGET=z1 
[21:57:28 - main] [Cooja.java:4267] [WARN] - Replaced [CONTIKI_DIR]/warehouse/er-rest-example/er-example-client-temperature.z1 with /home/user/contiki/warehouse/er-rest-example/er-example-client-temperature.z1 (default: ../../), but could not find it. This does not have to be an error, as the file might be created later.
[21:57:28 - main] [CompileContiki.java:140] [INFO] - > make er-example-client-temperature.z1 TARGET=z1 
[21:57:29 - main] [CompileContiki.java:140] [INFO] - > make er-example-client-temperature.z1 TARGET=z1 
[21:57:30 - main] [MspMote.java:235] [INFO] - Loading firmware from: /home/user/contiki/warehouse/er-rest-example/er-example-server.z1
[21:57:31 - main] [MspMote.java:235] [INFO] - Loading firmware from: /home/user/contiki/examples/ipv6/rpl-border-router/border-router.z1
[21:57:32 - main] [MspMote.java:235] [INFO] - Loading firmware from: /home/user/contiki/warehouse/er-rest-example/er-example-client-temperature.z1
[21:57:33 - main] [Visualizer.java:256] [INFO] - Registered external visualizer: org.contikios.cooja.plugins.skins.DGRMVisualizerSkin
[21:57:33 - main] [TimeLine.java:567] [INFO] - Zoom level: 500.0 microseconds/pixel 
[21:57:34 - main] [SerialSocketServer.java:389] [INFO] - Listening on port: 60001
[21:57:36 - Thread-2] [Simulation.java:252] [INFO] - Simulation main loop started, system time: 1446235056247
[21:57:40 - Thread-3] [SerialSocketServer.java:478] [INFO] - Forwarder: socket -> serial port
[21:57:40 - Thread-1] [SerialSocketServer.java:425] [INFO] - Client connected: /127.0.0.1
